<?xml version="1.0" encoding="UTF-8"?>
<!-- Generated by org.testng.reporters.JUnitXMLReporter -->
<testsuite hostname="ip-172-31-1-220" ignored="0" name="Test" tests="1" failures="0" timestamp="24 Feb 2021 05:00:01 GMT" time="0.057" errors="0">
  <testcase name="@BeforeMethod LaunchBrowser" time="0.031" classname="Test.Testcase1">
    <failure type="java.lang.IllegalStateException" message="The driver executable does not exist: /home/mokshavktecnotr/Downloads/chromedriver">
      <![CDATA[java.lang.IllegalStateException: The driver executable does not exist: /home/mokshavktecnotr/Downloads/chromedriver
at com.google.common.base.Preconditions.checkState(Preconditions.java:585)
at org.openqa.selenium.remote.service.DriverService.checkExecutable(DriverService.java:146)
at org.openqa.selenium.remote.service.DriverService.findExecutable(DriverService.java:141)
at org.openqa.selenium.chrome.ChromeDriverService.access$000(ChromeDriverService.java:35)
at org.openqa.selenium.chrome.ChromeDriverService$Builder.findDefaultExecutable(ChromeDriverService.java:159)
at org.openqa.selenium.remote.service.DriverService$Builder.build(DriverService.java:355)
at org.openqa.selenium.chrome.ChromeDriverService.createDefaultService(ChromeDriverService.java:94)
at org.openqa.selenium.chrome.ChromeDriver.<init>(ChromeDriver.java:123)
at Test.Testcase1.LaunchBrowser(Testcase1.java:28)
... Removed 28 stack frames]]>
    </failure>
  </testcase> <!-- @BeforeMethod LaunchBrowser -->
  <testcase name="@AfterMethod CloseBrowser" time="0.0" classname="Test.Testcase1">
    <skipped/>
  </testcase> <!-- @AfterMethod CloseBrowser -->
  <testcase name="LoginTest" time="0.0" classname="Test.Testcase1">
    <skipped/>
  </testcase> <!-- LoginTest -->
</testsuite> <!-- Test -->
